{"level":"warn","message":"Ruta GET /favicon.ico no esta implementada"}
{"level":"warn","message":"Ruta GET /datos no esta implementada"}
{"level":"warn","message":"Ruta GET /favicon.ico no esta implementada"}
{"level":"warn","message":"Ruta GET /datos no esta implementada"}
{"level":"warn","message":"Ruta GET /favicon.ico no esta implementada"}
{"level":"error","message":"Error en la api de mensajes"}
{"level":"error","message":"Error en la api de mensajes"}
{"level":"error","message":"Error en la api de mensajes"}
{"level":"error","message":"Error en la api de mensajes"}
{"level":"error","message":"Error en la api de mensajes"}
{"level":"error","message":"Error en la api de productos"}
{"level":"error","message":"Error en la api de productos"}
{"level":"error","message":"Error en la api de mensajes"}
{"level":"error","message":"Error en la api de mensajes"}
{"level":"error","message":"Error en la api de mensajes"}
{"level":"error","message":"Error en la api de mensajes"}
{"level":"error","message":"Error en la api de mensajes"}
{"level":"error","message":"Error en la api de mensajes"}
{"level":"error","message":"Error en la api de mensajes"}
{"level":"warn","message":"Ruta GET /imagen.jpg no esta implementada"}
{"level":"error","message":"Error en la api de mensajes"}
{"level":"warn","message":"Ruta GET /imagen.jpg no esta implementada"}
{"level":"warn","message":"Ruta GET /datosee no esta implementada"}
{"level":"error","message":"Error en la api de mensajes"}
{"level":"warn","message":"Ruta GET /imagen.jpg no esta implementada"}
{"level":"warn","message":"Ruta GET /imagen.jpg no esta implementada"}
{"level":"error","message":"Error en la api de mensajes"}
{"level":"warn","message":"Ruta GET /imagen.jpg no esta implementada"}
{"level":"warn","message":"Ruta GET /imagen.jpg no esta implementada"}
{"level":"warn","message":"Ruta GET /imagen.jpg no esta implementada"}
{"level":"warn","message":"Ruta GET /imagen.jpg no esta implementada"}
{"level":"warn","message":"Ruta GET /imagen.jpg no esta implementada"}
{"level":"warn","message":"Ruta GET /imagen.jpg no esta implementada"}
{"level":"warn","message":"Ruta GET /imagen.jpg no esta implementada"}
{"level":"warn","message":"Ruta GET /imagen.jpg no esta implementada"}
{"level":"warn","message":"Ruta GET /imagen.jpg no esta implementada"}
