2023-02-13T21:58:40.203Z warn: Ruta GET /imagen.jpg no esta implementada
2023-02-13T21:59:17.275Z warn: Ruta GET /datossinurl no esta implementada
2023-02-13T21:59:17.525Z warn: Ruta GET /favicon.ico no esta implementada
2023-02-13T21:59:41.162Z warn: Ruta GET /favicon.ico no esta implementada
2023-02-13T21:59:46.617Z warn: Ruta GET /favicon.ico no esta implementada
2023-02-13T21:59:57.674Z warn: Ruta GET /favicon.ico no esta implementada
2023-02-13T21:59:57.692Z warn: Ruta GET /imagen.jpg no esta implementada
2023-02-13T22:00:18.303Z warn: Ruta GET /favicon.ico no esta implementada
2023-02-13T22:00:41.866Z warn: Ruta GET /imagen.jpg no esta implementada
2023-02-13T22:00:41.886Z warn: Ruta GET /favicon.ico no esta implementada
2023-02-13T22:06:11.833Z warn: Ruta GET /imagen.jpg no esta implementada
2023-02-13T22:06:54.406Z warn: Ruta GET /favicon.ico no esta implementada
2023-02-13T22:07:12.493Z warn: Ruta GET /imagen.jpg no esta implementada
2023-02-13T22:07:12.495Z warn: Ruta GET /favicon.ico no esta implementada
2023-02-13T22:07:19.160Z warn: Ruta GET /favicon.ico no esta implementada
2023-02-13T22:07:37.771Z warn: Ruta GET /imagen.jpg no esta implementada
2023-02-13T22:07:37.791Z warn: Ruta GET /favicon.ico no esta implementada
2023-02-13T22:10:46.189Z warn: Ruta GET /favicon.ico no esta implementada
2023-02-13T22:11:04.202Z warn: Ruta GET /imagen.jpg no esta implementada
2023-02-13T22:11:04.205Z warn: Ruta GET /favicon.ico no esta implementada
2023-02-13T22:12:46.743Z warn: Ruta GET /imagen.jpg no esta implementada
2023-02-13T22:12:47.201Z warn: Ruta GET /imagen.jpg no esta implementada
2023-02-13T22:14:48.669Z warn: Ruta GET /imagen.jpg no esta implementada
2023-02-13T22:14:49.176Z warn: Ruta GET /imagen.jpg no esta implementada
2023-02-13T22:14:54.507Z warn: Ruta GET /favicon.ico no esta implementada
2023-02-13T22:15:07.943Z warn: Ruta GET /imagen.jpg no esta implementada
2023-02-13T22:15:07.946Z warn: Ruta GET /favicon.ico no esta implementada
2023-02-13T22:15:16.492Z warn: Ruta GET /favicon.ico no esta implementada
2023-02-13T22:15:26.651Z warn: Ruta GET /imagen.jpg no esta implementada
2023-02-13T22:15:26.654Z warn: Ruta GET /favicon.ico no esta implementada
2023-02-13T22:16:28.800Z warn: Ruta GET /favicon.ico no esta implementada
2023-02-13T22:17:31.405Z warn: Ruta GET /imagen.jpg no esta implementada
2023-02-13T22:17:44.569Z warn: Ruta GET /favicon.ico no esta implementada
2023-02-13T22:17:57.356Z warn: Ruta GET /imagen.jpg no esta implementada
2023-02-13T22:17:57.370Z warn: Ruta GET /favicon.ico no esta implementada
2023-02-13T22:18:05.066Z warn: Ruta GET /favicon.ico no esta implementada
2023-02-13T22:18:10.504Z warn: Ruta GET /imagen.jpg no esta implementada
2023-02-13T22:18:10.511Z warn: Ruta GET /favicon.ico no esta implementada
2023-02-13T22:20:13.315Z warn: Ruta GET /imagen.jpg no esta implementada
2023-02-13T22:20:13.349Z warn: Ruta GET /imagen.jpg no esta implementada
2023-03-01T12:33:21.233Z warn: Ruta GET /favicon.ico no esta implementada
2023-03-01T12:33:32.037Z warn: Ruta GET /favicon.ico no esta implementada
2023-03-01T12:33:32.048Z warn: Ruta GET /imagen.jpg no esta implementada
2023-03-01T12:33:50.168Z warn: Ruta GET /favicon.ico no esta implementada
2023-03-01T12:33:51.732Z warn: Ruta GET /favicon.ico no esta implementada
2023-03-01T12:35:03.891Z warn: Ruta GET /favicon.ico no esta implementada
2023-03-01T12:35:12.662Z warn: Ruta GET /favicon.ico no esta implementada
2023-03-01T12:35:12.673Z warn: Ruta GET /imagen.jpg no esta implementada
2023-03-01T12:36:44.026Z warn: Ruta GET /favicon.ico no esta implementada
2023-03-01T12:36:52.697Z warn: Ruta GET /favicon.ico no esta implementada
2023-03-01T12:36:55.049Z warn: Ruta GET /favicon.ico no esta implementada
2023-03-01T12:36:57.242Z warn: Ruta GET /favicon.ico no esta implementada
2023-03-01T12:37:22.780Z warn: Ruta GET /favicon.ico no esta implementada
2023-03-01T12:37:50.146Z warn: Ruta GET /favicon.ico no esta implementada
2023-03-01T12:38:28.507Z warn: Ruta GET /favicon.ico no esta implementada
2023-03-01T12:38:31.583Z warn: Ruta GET /favicon.ico no esta implementada
2023-03-01T12:40:53.728Z warn: Ruta GET /favicon.ico no esta implementada
2023-03-01T12:43:03.279Z warn: Ruta GET /favicon.ico no esta implementada
2023-03-01T12:43:42.082Z warn: Ruta GET /favicon.ico no esta implementada
2023-03-01T12:44:12.605Z warn: Ruta GET /favicon.ico no esta implementada
2023-03-01T12:44:27.535Z warn: Ruta GET /favicon.ico no esta implementada
2023-03-01T12:44:47.110Z warn: Ruta GET /favicon.ico no esta implementada
2023-03-01T12:44:55.847Z warn: Ruta GET /favicon.ico no esta implementada
2023-03-01T12:45:06.980Z warn: Ruta GET /favicon.ico no esta implementada
2023-03-01T12:45:26.401Z warn: Ruta GET /favicon.ico no esta implementada
2023-03-01T12:46:03.599Z warn: Ruta GET /favicon.ico no esta implementada
2023-03-01T12:47:35.846Z warn: Ruta GET /favicon.ico no esta implementada
2023-03-01T12:47:52.482Z warn: Ruta GET /favicon.ico no esta implementada
2023-03-01T12:49:05.233Z warn: Ruta GET /favicon.ico no esta implementada
2023-03-01T12:49:41.301Z warn: Ruta GET /favicon.ico no esta implementada
2023-03-01T12:50:31.043Z warn: Ruta GET /favicon.ico no esta implementada
2023-03-01T12:50:45.099Z warn: Ruta GET /favicon.ico no esta implementada
2023-03-01T12:51:30.860Z warn: Ruta GET /favicon.ico no esta implementada
2023-03-01T12:51:41.895Z warn: Ruta GET /favicon.ico no esta implementada
2023-03-01T12:52:01.718Z warn: Ruta GET /favicon.ico no esta implementada
2023-03-01T12:52:14.479Z warn: Ruta GET /favicon.ico no esta implementada
2023-03-01T12:52:57.000Z warn: Ruta GET /favicon.ico no esta implementada
2023-03-01T13:08:13.097Z warn: Ruta GET /favicon.ico no esta implementada
2023-03-01T13:09:28.682Z warn: Ruta GET /favicon.ico no esta implementada
2023-03-01T13:21:25.029Z warn: Ruta GET /favicon.ico no esta implementada
2023-03-01T13:21:37.935Z warn: Ruta GET /favicon.ico no esta implementada
2023-03-01T13:21:39.506Z warn: Ruta GET /favicon.ico no esta implementada
2023-03-01T13:22:05.539Z warn: Ruta GET /favicon.ico no esta implementada
2023-03-01T13:22:06.811Z warn: Ruta GET /favicon.ico no esta implementada
2023-03-01T13:22:51.354Z warn: Ruta GET /favicon.ico no esta implementada
2023-03-01T13:23:01.999Z warn: Ruta GET /favicon.ico no esta implementada
2023-03-01T13:23:07.716Z warn: Ruta GET /favicon.ico no esta implementada
2023-03-01T13:24:14.613Z warn: Ruta GET /favicon.ico no esta implementada
2023-03-01T13:24:16.004Z warn: Ruta GET /favicon.ico no esta implementada
2023-03-01T13:24:39.836Z warn: Ruta GET /favicon.ico no esta implementada
2023-03-01T13:24:43.114Z warn: Ruta GET /favicon.ico no esta implementada
2023-03-01T13:25:15.845Z warn: Ruta GET /favicon.ico no esta implementada
2023-03-01T13:25:17.222Z warn: Ruta GET /favicon.ico no esta implementada
2023-03-01T13:26:41.692Z warn: Ruta GET /favicon.ico no esta implementada
2023-03-01T13:26:54.309Z warn: Ruta GET /favicon.ico no esta implementada
2023-03-01T13:26:55.688Z warn: Ruta GET /favicon.ico no esta implementada
2023-03-01T13:27:59.987Z warn: Ruta GET /favicon.ico no esta implementada
2023-03-01T13:28:06.691Z warn: Ruta GET /favicon.ico no esta implementada
2023-03-01T13:28:09.072Z warn: Ruta GET /favicon.ico no esta implementada
2023-03-01T13:28:13.644Z warn: Ruta GET /favicon.ico no esta implementada
2023-03-01T13:28:15.395Z warn: Ruta GET /favicon.ico no esta implementada
2023-03-01T13:29:21.100Z warn: Ruta GET /favicon.ico no esta implementada
2023-03-01T13:29:29.490Z warn: Ruta GET /favicon.ico no esta implementada
2023-03-01T13:29:32.465Z warn: Ruta GET /favicon.ico no esta implementada
2023-03-01T13:29:38.841Z warn: Ruta GET /favicon.ico no esta implementada
2023-03-01T13:29:40.112Z warn: Ruta GET /favicon.ico no esta implementada
2023-03-01T21:47:22.429Z warn: Ruta GET /favicon.ico no esta implementada
2023-03-01T21:48:42.267Z warn: Ruta GET /favicon.ico no esta implementada
2023-03-01T21:50:03.827Z warn: Ruta GET /favicon.ico no esta implementada
2023-03-01T21:50:05.818Z warn: Ruta GET /favicon.ico no esta implementada
2023-03-01T21:53:08.625Z warn: Ruta GET /favicon.ico no esta implementada
2023-03-01T21:53:24.238Z warn: Ruta GET /favicon.ico no esta implementada
2023-03-01T21:55:46.375Z warn: Ruta GET /favicon.ico no esta implementada
2023-03-01T21:55:49.427Z warn: Ruta GET /favicon.ico no esta implementada
2023-03-01T21:55:50.909Z warn: Ruta GET /favicon.ico no esta implementada
2023-03-01T21:56:13.218Z warn: Ruta GET /favicon.ico no esta implementada
2023-03-01T21:56:55.589Z warn: Ruta GET /favicon.ico no esta implementada
2023-03-01T21:57:07.813Z warn: Ruta GET /favicon.ico no esta implementada
2023-03-01T21:57:15.844Z warn: Ruta GET /favicon.ico no esta implementada
2023-03-01T21:57:18.733Z warn: Ruta GET /favicon.ico no esta implementada
2023-03-01T21:58:14.953Z warn: Ruta GET /favicon.ico no esta implementada
2023-03-01T21:58:27.884Z warn: Ruta GET /favicon.ico no esta implementada
2023-03-01T21:58:34.548Z warn: Ruta GET /favicon.ico no esta implementada
2023-03-01T22:03:40.509Z warn: Ruta GET /favicon.ico no esta implementada
2023-03-01T22:03:43.619Z warn: Ruta GET /favicon.ico no esta implementada
2023-03-01T22:04:36.637Z warn: Ruta GET /favicon.ico no esta implementada
2023-03-01T22:25:30.318Z warn: Ruta GET /favicon.ico no esta implementada
2023-03-01T22:25:52.122Z warn: Ruta GET /favicon.ico no esta implementada
2023-03-01T22:25:55.323Z warn: Ruta GET /favicon.ico no esta implementada
2023-03-01T22:25:58.103Z warn: Ruta GET /favicon.ico no esta implementada
2023-03-01T22:27:56.344Z warn: Ruta GET /favicon.ico no esta implementada
2023-03-01T22:28:00.702Z warn: Ruta GET /favicon.ico no esta implementada
2023-03-01T22:39:09.189Z warn: Ruta GET /favicon.ico no esta implementada
2023-03-01T22:39:15.102Z warn: Ruta GET /favicon.ico no esta implementada
2023-03-01T22:39:38.958Z warn: Ruta GET /favicon.ico no esta implementada
2023-03-01T22:40:49.802Z warn: Ruta GET /favicon.ico no esta implementada
2023-03-01T22:41:19.392Z warn: Ruta GET /favicon.ico no esta implementada
2023-03-01T22:41:53.329Z warn: Ruta GET /favicon.ico no esta implementada
2023-03-01T22:42:25.477Z warn: Ruta GET /favicon.ico no esta implementada
2023-03-01T22:45:37.602Z warn: Ruta GET /favicon.ico no esta implementada
2023-03-01T22:45:39.107Z warn: Ruta GET /favicon.ico no esta implementada
2023-03-01T22:47:30.380Z warn: Ruta GET /favicon.ico no esta implementada
2023-03-01T22:47:31.809Z warn: Ruta GET /favicon.ico no esta implementada
2023-03-01T22:53:44.794Z warn: Ruta GET /favicon.ico no esta implementada
2023-03-01T22:53:46.360Z warn: Ruta GET /favicon.ico no esta implementada
2023-03-01T22:54:09.470Z warn: Ruta GET /favicon.ico no esta implementada
2023-03-01T22:54:11.921Z warn: Ruta GET /favicon.ico no esta implementada
2023-03-01T22:54:14.052Z warn: Ruta GET /favicon.ico no esta implementada
2023-03-01T22:54:38.152Z warn: Ruta GET /favicon.ico no esta implementada
2023-03-01T22:54:40.615Z warn: Ruta GET /favicon.ico no esta implementada
2023-03-01T22:54:52.320Z warn: Ruta GET /favicon.ico no esta implementada
2023-03-01T22:54:57.290Z warn: Ruta GET /favicon.ico no esta implementada
2023-03-01T22:55:28.395Z warn: Ruta GET /favicon.ico no esta implementada
2023-03-01T22:55:30.118Z warn: Ruta GET /favicon.ico no esta implementada
2023-03-01T22:55:41.162Z warn: Ruta GET /favicon.ico no esta implementada
2023-03-01T22:55:47.629Z warn: Ruta GET /favicon.ico no esta implementada
2023-03-01T22:56:11.389Z warn: Ruta GET /favicon.ico no esta implementada
2023-03-01T22:56:41.286Z warn: Ruta GET /favicon.ico no esta implementada
2023-03-01T22:56:44.040Z warn: Ruta GET /favicon.ico no esta implementada
2023-03-01T23:05:05.234Z warn: Ruta GET /favicon.ico no esta implementada
2023-03-01T23:05:37.056Z warn: Ruta GET /favicon.ico no esta implementada
2023-03-01T23:12:13.929Z warn: Ruta GET /favicon.ico no esta implementada
2023-03-01T23:12:43.987Z warn: Ruta GET /favicon.ico no esta implementada
2023-03-01T23:14:40.263Z warn: Ruta GET /favicon.ico no esta implementada
2023-03-01T23:14:42.313Z warn: Ruta GET /favicon.ico no esta implementada
2023-03-01T23:21:12.096Z warn: Ruta GET /favicon.ico no esta implementada
2023-03-01T23:21:13.548Z warn: Ruta GET /favicon.ico no esta implementada
2023-03-01T23:22:55.910Z warn: Ruta GET /favicon.ico no esta implementada
2023-03-01T23:22:57.579Z warn: Ruta GET /favicon.ico no esta implementada
2023-03-01T23:24:16.941Z warn: Ruta GET /favicon.ico no esta implementada
2023-03-01T23:24:35.119Z warn: Ruta GET /favicon.ico no esta implementada
2023-03-01T23:27:36.887Z warn: Ruta GET /favicon.ico no esta implementada
2023-03-01T23:28:15.878Z warn: Ruta GET /favicon.ico no esta implementada
2023-03-01T23:37:27.928Z warn: Ruta GET /favicon.ico no esta implementada
2023-03-01T23:41:25.735Z warn: Ruta GET /favicon.ico no esta implementada
2023-03-01T23:42:27.268Z warn: Ruta GET /favicon.ico no esta implementada
2023-03-01T23:43:29.796Z warn: Ruta GET /favicon.ico no esta implementada
2023-03-01T23:43:33.441Z warn: Ruta GET /favicon.ico no esta implementada
2023-03-01T23:43:34.459Z warn: Ruta GET /favicon.ico no esta implementada
2023-03-01T23:44:09.532Z warn: Ruta GET /favicon.ico no esta implementada
2023-03-01T23:45:55.458Z warn: Ruta GET /favicon.ico no esta implementada
2023-03-01T23:47:47.030Z warn: Ruta GET /favicon.ico no esta implementada
2023-03-01T23:48:09.227Z warn: Ruta GET /favicon.ico no esta implementada
2023-03-01T23:50:55.806Z warn: Ruta GET /favicon.ico no esta implementada
2023-03-01T23:51:07.522Z warn: Ruta GET /favicon.ico no esta implementada
2023-03-01T23:51:17.725Z warn: Ruta GET /favicon.ico no esta implementada
2023-03-01T23:54:48.060Z warn: Ruta GET /favicon.ico no esta implementada
2023-03-01T23:54:56.367Z warn: Ruta GET /favicon.ico no esta implementada
2023-03-01T23:55:10.385Z warn: Ruta GET /favicon.ico no esta implementada
2023-03-01T23:55:12.443Z warn: Ruta GET /favicon.ico no esta implementada
2023-03-01T23:55:17.322Z warn: Ruta GET /favicon.ico no esta implementada
2023-03-01T23:55:21.277Z warn: Ruta GET /favicon.ico no esta implementada
2023-03-01T23:55:24.619Z warn: Ruta GET /favicon.ico no esta implementada
2023-03-01T23:55:28.557Z warn: Ruta GET /favicon.ico no esta implementada
2023-03-01T23:56:19.115Z warn: Ruta GET /favicon.ico no esta implementada
2023-03-01T23:56:30.716Z warn: Ruta GET /favicon.ico no esta implementada
2023-03-01T23:57:29.311Z warn: Ruta GET /favicon.ico no esta implementada
2023-03-01T23:58:01.211Z warn: Ruta GET /favicon.ico no esta implementada
2023-03-01T23:58:27.088Z warn: Ruta GET /favicon.ico no esta implementada
2023-03-01T23:58:41.577Z warn: Ruta GET /favicon.ico no esta implementada
2023-03-01T23:58:44.138Z warn: Ruta GET /favicon.ico no esta implementada
2023-03-01T23:59:03.488Z warn: Ruta GET /favicon.ico no esta implementada
2023-03-01T23:59:14.584Z warn: Ruta GET /favicon.ico no esta implementada
2023-03-02T00:00:09.226Z warn: Ruta GET /favicon.ico no esta implementada
2023-03-02T00:00:30.017Z warn: Ruta GET /favicon.ico no esta implementada
2023-03-02T00:00:37.650Z warn: Ruta GET /favicon.ico no esta implementada
2023-03-02T00:00:53.866Z warn: Ruta GET /favicon.ico no esta implementada
2023-03-02T00:01:03.491Z warn: Ruta GET /favicon.ico no esta implementada
2023-03-02T00:02:11.796Z warn: Ruta GET /favicon.ico no esta implementada
2023-03-02T00:02:21.719Z warn: Ruta GET /favicon.ico no esta implementada
2023-03-02T00:02:40.330Z warn: Ruta GET /favicon.ico no esta implementada
2023-03-02T00:03:48.719Z warn: Ruta GET /favicon.ico no esta implementada
2023-03-02T00:03:56.588Z warn: Ruta GET /favicon.ico no esta implementada
2023-03-02T00:04:05.214Z warn: Ruta GET /favicon.ico no esta implementada
2023-03-02T00:04:24.671Z warn: Ruta GET /favicon.ico no esta implementada
2023-03-02T00:05:25.429Z warn: Ruta GET /favicon.ico no esta implementada
2023-03-02T00:05:47.930Z warn: Ruta GET /favicon.ico no esta implementada
2023-03-02T00:08:33.876Z warn: Ruta GET /favicon.ico no esta implementada
2023-03-02T00:08:42.430Z warn: Ruta GET /favicon.ico no esta implementada
2023-03-02T00:09:00.608Z warn: Ruta GET /favicon.ico no esta implementada
2023-03-02T00:14:35.687Z warn: Ruta GET /favicon.ico no esta implementada
2023-03-02T00:14:46.475Z warn: Ruta GET /favicon.ico no esta implementada
2023-03-02T00:18:15.498Z warn: Ruta GET /favicon.ico no esta implementada
2023-03-02T00:18:24.556Z warn: Ruta GET /favicon.ico no esta implementada
2023-03-02T00:19:23.752Z warn: Ruta GET /favicon.ico no esta implementada
2023-03-02T00:20:00.083Z warn: Ruta GET /favicon.ico no esta implementada
2023-03-02T00:20:22.655Z warn: Ruta GET /favicon.ico no esta implementada
2023-03-02T00:21:55.206Z warn: Ruta GET /favicon.ico no esta implementada
2023-03-02T00:22:03.606Z warn: Ruta GET /favicon.ico no esta implementada
2023-03-02T00:23:29.111Z warn: Ruta GET /favicon.ico no esta implementada
2023-03-02T00:23:38.818Z warn: Ruta GET /favicon.ico no esta implementada
2023-03-02T00:24:32.039Z warn: Ruta GET /favicon.ico no esta implementada
2023-03-02T00:24:57.987Z warn: Ruta GET /favicon.ico no esta implementada
2023-03-02T00:25:36.513Z warn: Ruta GET /favicon.ico no esta implementada
2023-03-02T00:39:57.999Z warn: Ruta GET /favicon.ico no esta implementada
2023-03-02T00:40:07.512Z warn: Ruta GET /favicon.ico no esta implementada
2023-03-02T00:41:49.516Z warn: Ruta GET /favicon.ico no esta implementada
2023-03-02T00:41:58.163Z warn: Ruta GET /favicon.ico no esta implementada
2023-03-02T00:44:45.243Z warn: Ruta GET /favicon.ico no esta implementada
2023-03-02T00:44:53.373Z warn: Ruta GET /favicon.ico no esta implementada
2023-03-02T00:53:42.330Z warn: Ruta GET /favicon.ico no esta implementada
2023-03-02T00:53:50.691Z warn: Ruta GET /favicon.ico no esta implementada
2023-03-02T00:57:29.626Z warn: Ruta GET /favicon.ico no esta implementada
2023-03-02T00:57:40.441Z warn: Ruta GET /favicon.ico no esta implementada
2023-03-02T01:00:13.219Z warn: Ruta GET /favicon.ico no esta implementada
2023-03-02T01:00:21.172Z warn: Ruta GET /favicon.ico no esta implementada
2023-03-02T01:05:52.088Z warn: Ruta GET /favicon.ico no esta implementada
2023-03-02T01:06:02.373Z warn: Ruta GET /favicon.ico no esta implementada
2023-03-02T01:17:00.551Z warn: Ruta GET /favicon.ico no esta implementada
2023-03-02T01:17:08.870Z warn: Ruta GET /favicon.ico no esta implementada
2023-03-02T11:23:18.326Z warn: Ruta GET /favicon.ico no esta implementada
2023-03-02T11:23:28.531Z warn: Ruta GET /favicon.ico no esta implementada
2023-03-02T11:23:51.299Z warn: Ruta GET /favicon.ico no esta implementada
2023-03-02T11:23:53.273Z warn: Ruta GET /favicon.ico no esta implementada
2023-03-02T11:25:15.854Z warn: Ruta GET /favicon.ico no esta implementada
2023-03-02T11:25:25.996Z warn: Ruta GET /favicon.ico no esta implementada
2023-03-02T11:34:40.111Z warn: Ruta GET /favicon.ico no esta implementada
2023-03-02T11:34:51.164Z warn: Ruta GET /favicon.ico no esta implementada
2023-03-02T11:49:40.420Z warn: Ruta GET /favicon.ico no esta implementada
2023-03-02T11:54:16.064Z warn: Ruta GET /favicon.ico no esta implementada
2023-03-02T11:54:23.586Z warn: Ruta GET /favicon.ico no esta implementada
2023-03-02T12:05:50.507Z warn: Ruta GET /favicon.ico no esta implementada
2023-03-02T12:05:58.413Z warn: Ruta GET /favicon.ico no esta implementada
2023-03-02T12:07:05.981Z warn: Ruta GET /favicon.ico no esta implementada
2023-03-02T12:10:12.282Z warn: Ruta GET /favicon.ico no esta implementada
2023-03-02T12:10:17.603Z warn: Ruta GET /favicon.ico no esta implementada
2023-03-02T12:10:32.853Z warn: Ruta GET /favicon.ico no esta implementada
2023-03-02T12:11:00.297Z warn: Ruta GET /favicon.ico no esta implementada
2023-03-02T12:13:30.623Z warn: Ruta GET /favicon.ico no esta implementada
2023-03-02T12:13:37.293Z warn: Ruta GET /favicon.ico no esta implementada
2023-03-02T12:14:13.087Z warn: Ruta GET /favicon.ico no esta implementada
2023-03-02T12:20:03.632Z warn: Ruta GET /HNAP1/ no esta implementada
2023-03-02T12:20:28.684Z warn: Ruta GET /requested.html no esta implementada
2023-03-02T12:32:50.116Z warn: Ruta GET /HNAP1/ no esta implementada
2023-03-02T12:33:14.410Z warn: Ruta GET /requested.html no esta implementada
2023-03-02T12:46:26.912Z warn: Ruta GET /favicon.ico no esta implementada
2023-03-02T12:46:35.346Z warn: Ruta GET /favicon.ico no esta implementada
2023-03-02T12:49:38.655Z warn: Ruta GET /favicon.ico no esta implementada
2023-03-02T12:49:45.581Z warn: Ruta GET /favicon.ico no esta implementada
2023-03-02T12:49:58.348Z warn: Ruta GET /favicon.ico no esta implementada
2023-03-02T12:50:53.913Z warn: Ruta GET /favicon.ico no esta implementada
2023-03-02T12:50:56.253Z warn: Ruta GET /favicon.ico no esta implementada
2023-03-02T12:51:17.900Z warn: Ruta GET /favicon.ico no esta implementada
2023-03-02T12:51:21.732Z warn: Ruta GET /favicon.ico no esta implementada
2023-03-02T12:52:43.846Z warn: Ruta GET /favicon.ico no esta implementada
2023-03-02T12:52:50.219Z warn: Ruta GET /favicon.ico no esta implementada
2023-03-02T12:53:40.724Z warn: Ruta GET /favicon.ico no esta implementada
2023-03-02T12:53:45.549Z warn: Ruta GET /favicon.ico no esta implementada
2023-03-02T12:54:31.074Z warn: Ruta GET /favicon.ico no esta implementada
2023-03-02T12:55:17.570Z warn: Ruta GET /favicon.ico no esta implementada
2023-03-02T12:58:48.877Z warn: Ruta GET /favicon.ico no esta implementada
2023-03-02T12:59:11.411Z warn: Ruta GET /favicon.ico no esta implementada
2023-03-02T13:19:39.285Z warn: Ruta GET /favicon.ico no esta implementada
2023-03-02T13:19:46.709Z warn: Ruta GET /favicon.ico no esta implementada
2023-03-02T13:22:38.753Z warn: Ruta GET /favicon.ico no esta implementada
2023-03-02T13:22:49.418Z warn: Ruta GET /favicon.ico no esta implementada
2023-03-02T13:23:16.493Z warn: Ruta GET /favicon.ico no esta implementada
2023-03-02T13:23:26.982Z warn: Ruta GET /favicon.ico no esta implementada
2023-03-02T13:23:32.754Z warn: Ruta GET /favicon.ico no esta implementada
2023-03-02T13:23:56.061Z warn: Ruta GET /favicon.ico no esta implementada
2023-03-02T13:24:03.750Z warn: Ruta GET /favicon.ico no esta implementada
2023-03-02T13:24:15.192Z warn: Ruta GET /favicon.ico no esta implementada
2023-03-02T13:47:12.786Z warn: Ruta GET /favicon.ico no esta implementada
2023-03-02T14:00:01.458Z warn: Ruta GET /favicon.ico no esta implementada
2023-03-02T14:00:07.462Z warn: Ruta GET /favicon.ico no esta implementada
2023-03-02T14:02:52.692Z warn: Ruta GET /favicon.ico no esta implementada
2023-03-02T14:03:00.147Z warn: Ruta GET /favicon.ico no esta implementada
2023-03-02T16:24:21.189Z warn: Ruta GET /favicon.ico no esta implementada
2023-03-02T16:24:28.507Z warn: Ruta GET /favicon.ico no esta implementada
2023-03-02T16:30:30.286Z warn: Ruta GET /favicon.ico no esta implementada
2023-03-02T16:30:37.824Z warn: Ruta GET /favicon.ico no esta implementada
2023-03-02T17:36:15.196Z warn: Ruta GET /favicon.ico no esta implementada
2023-03-02T17:36:21.801Z warn: Ruta GET /favicon.ico no esta implementada
2023-03-02T17:37:06.777Z warn: Ruta GET /favicon.ico no esta implementada
2023-03-02T17:39:51.797Z warn: Ruta GET /favicon.ico no esta implementada
2023-03-02T17:40:12.057Z warn: Ruta GET /favicon.ico no esta implementada
2023-03-02T17:41:18.438Z warn: Ruta GET /favicon.ico no esta implementada
2023-03-02T17:41:24.883Z warn: Ruta GET /favicon.ico no esta implementada
2023-03-02T17:42:24.299Z warn: Ruta GET /favicon.ico no esta implementada
2023-03-02T17:45:02.676Z warn: Ruta GET /favicon.ico no esta implementada
2023-03-02T17:45:08.314Z warn: Ruta GET /favicon.ico no esta implementada
2023-03-02T17:46:15.984Z warn: Ruta GET /favicon.ico no esta implementada
2023-03-02T17:46:22.664Z warn: Ruta GET /favicon.ico no esta implementada
2023-03-02T17:48:46.391Z warn: Ruta GET /favicon.ico no esta implementada
2023-03-02T17:48:51.691Z warn: Ruta GET /favicon.ico no esta implementada
2023-03-02T17:49:55.006Z warn: Ruta GET /favicon.ico no esta implementada
2023-03-02T17:50:01.182Z warn: Ruta GET /favicon.ico no esta implementada
2023-03-02T17:53:54.288Z warn: Ruta GET /favicon.ico no esta implementada
2023-03-02T17:54:01.007Z warn: Ruta GET /favicon.ico no esta implementada
2023-03-02T18:07:01.087Z warn: Ruta GET /favicon.ico no esta implementada
2023-03-02T18:07:07.843Z warn: Ruta GET /favicon.ico no esta implementada
2023-03-02T18:09:52.363Z warn: Ruta GET /favicon.ico no esta implementada
2023-03-02T18:10:05.092Z warn: Ruta GET /favicon.ico no esta implementada
2023-03-02T18:15:52.619Z warn: Ruta GET /favicon.ico no esta implementada
2023-03-02T18:16:05.457Z warn: Ruta GET /favicon.ico no esta implementada
2023-03-02T18:16:49.827Z warn: Ruta GET /favicon.ico no esta implementada
2023-03-02T18:16:56.860Z warn: Ruta GET /favicon.ico no esta implementada
2023-03-02T18:25:30.482Z warn: Ruta GET /favicon.ico no esta implementada
2023-03-02T18:25:44.536Z warn: Ruta GET /favicon.ico no esta implementada
2023-03-02T18:26:45.633Z warn: Ruta GET /favicon.ico no esta implementada
2023-03-02T18:26:55.997Z warn: Ruta GET /favicon.ico no esta implementada
2023-03-02T20:25:25.849Z warn: Ruta GET /favicon.ico no esta implementada
2023-03-02T20:25:31.288Z warn: Ruta GET /favicon.ico no esta implementada
2023-03-02T20:26:20.439Z warn: Ruta GET /favicon.ico no esta implementada
2023-03-02T20:26:22.473Z warn: Ruta GET /favicon.ico no esta implementada
2023-03-02T20:26:35.066Z warn: Ruta GET /favicon.ico no esta implementada
2023-03-02T20:49:08.206Z warn: Ruta GET /favicon.ico no esta implementada
2023-03-02T20:49:14.703Z warn: Ruta GET /favicon.ico no esta implementada
2023-03-02T20:49:38.313Z warn: Ruta GET /favicon.ico no esta implementada
2023-03-02T20:49:47.957Z warn: Ruta GET /favicon.ico no esta implementada
2023-03-02T20:49:52.451Z warn: Ruta GET /favicon.ico no esta implementada
2023-03-02T20:50:51.069Z warn: Ruta GET /favicon.ico no esta implementada
2023-03-02T20:51:57.443Z warn: Ruta GET /favicon.ico no esta implementada
2023-03-02T20:52:03.402Z warn: Ruta GET /favicon.ico no esta implementada
2023-03-02T20:52:10.303Z warn: Ruta GET /favicon.ico no esta implementada
2023-03-02T20:54:05.517Z warn: Ruta GET /favicon.ico no esta implementada
2023-03-02T20:54:11.054Z warn: Ruta GET /favicon.ico no esta implementada
2023-03-02T20:54:13.718Z warn: Ruta GET /favicon.ico no esta implementada
2023-03-02T20:55:14.480Z warn: Ruta GET /favicon.ico no esta implementada
2023-03-02T20:55:20.972Z warn: Ruta GET /favicon.ico no esta implementada
2023-03-02T20:55:23.575Z warn: Ruta GET /favicon.ico no esta implementada
2023-03-02T20:55:28.222Z warn: Ruta GET /favicon.ico no esta implementada
2023-03-02T20:55:30.649Z warn: Ruta GET /favicon.ico no esta implementada
2023-03-02T20:55:57.533Z warn: Ruta GET /carrito/borrar/ no esta implementada
2023-03-02T20:55:57.918Z warn: Ruta GET /favicon.ico no esta implementada
2023-03-02T20:56:56.982Z warn: Ruta GET /favicon.ico no esta implementada
